################################################################################
#            MARTA file report: gather_scatter
################################################################################

# -- MACHINE INFO
CPU:           Intel(R) Xeon(R) Silver 4216 CPU @ 2.10GHz
Architecture:  x86_64
Avail. Cores:  64
Host OS:       kernel 3.10.0-1160.25.1.el7.x86_64

# -- TIME ELAPSED : 2:28:31.282737
	- Total Compilation time: 0:14:27.865022
	- Total Execution time: 2:13:51.435960

# -- EXPERIMENT PARAMETERS
- Kernel name: gather_scatter
- Description: Setup for experiment gather
- Compilers used:
	gcc-11 -> [' -march=native -mtune=native -O3 ']
- Kernel configurations: ['-DGATHER', '-DSCATTER']
- FLOPS: 1
- Loop iterations: 10000
- Number of repetitions: 7
- CPU affinity (if any): 11
- Hardware counters used:
	INSTRUCTIONS_RETIRED

# -- COMPILATION (stdout)
stdout was redirected manually.

# -- WARNINGS/ERRORS (stderr)
stderr was redirected manually.
